d:\visual studio code\solution3-agenda\project-agenda\x64\release\vc143.pdb
d:\visual studio code\solution3-agenda\project-agenda\x64\release\tools.obj
d:\visual studio code\solution3-agenda\project-agenda\x64\release\task_list.obj
d:\visual studio code\solution3-agenda\project-agenda\x64\release\main.obj
d:\visual studio code\solution3-agenda\project-agenda\x64\release\file_encrypt.obj
d:\visual studio code\solution3-agenda\project-agenda\x64\release\cmd_processor.obj
d:\visual studio code\solution3-agenda\project-agenda\x64\release\blowfish.obj
d:\visual studio code\solution3-agenda\project-agenda\x64\release\bcrypt.obj
d:\visual studio code\solution3-agenda\project-agenda\x64\release\aes.obj
d:\visual studio code\solution3-agenda\project-agenda\x64\release\account_manager.obj
d:\visual studio code\solution3-agenda\x64\release\project-agenda.exe
d:\visual studio code\solution3-agenda\project-agenda\x64\release\project-agenda.ipdb
d:\visual studio code\solution3-agenda\x64\release\project-agenda.pdb
d:\visual studio code\solution3-agenda\project-agenda\x64\release\project-agenda.iobj
d:\visual studio code\solution3-agenda\project-agenda\x64\release\project-agenda.tlog\cl.command.1.tlog
d:\visual studio code\solution3-agenda\project-agenda\x64\release\project-agenda.tlog\cl.read.1.tlog
d:\visual studio code\solution3-agenda\project-agenda\x64\release\project-agenda.tlog\cl.write.1.tlog
d:\visual studio code\solution3-agenda\project-agenda\x64\release\project-agenda.tlog\link.command.1.tlog
d:\visual studio code\solution3-agenda\project-agenda\x64\release\project-agenda.tlog\link.read.1.tlog
d:\visual studio code\solution3-agenda\project-agenda\x64\release\project-agenda.tlog\link.write.1.tlog
