  account_manager.cpp
  bcrypt.cpp
D:\visual studio code\Solution3-agenda\Project-agenda\bcrypt.cpp(238,28): warning C4267: “参数”: 从“size_t”转换到“unsigned short”，可能丢失数据
D:\visual studio code\Solution3-agenda\Project-agenda\bcrypt.cpp(240,58): warning C4267: “参数”: 从“size_t”转换到“unsigned short”，可能丢失数据
  blowfish.cpp
  cmd_processor.cpp
D:\visual studio code\Solution3-agenda\Project-agenda\cmd_processor.cpp(41,32): warning C4267: “初始化”: 从“size_t”转换到“int”，可能丢失数据
D:\visual studio code\Solution3-agenda\Project-agenda\cmd_processor.cpp(41,32): warning C4267: “初始化”: 从“size_t”转换到“const int”，可能丢失数据
  main.cpp
D:\visual studio code\Solution3-agenda\Project-agenda\main.cpp(113,36): warning C4566: 由通用字符名称“\u00BB”表示的字符不能在当前代码页(936)中表示出来
  task_list.cpp
C:\Program Files\Microsoft Visual Studio\2022\Community\VC\Tools\MSVC\14.35.32215\include\utility(200,16): warning C4244: “初始化”: 从“_Ty”转换到“_Ty1”，可能丢失数据
          with
          [
              _Ty=__int64
          ]
          and
          [
              _Ty1=int
          ]
D:\visual studio code\Solution3-agenda\Project-agenda\task_list.cpp(53,46): message : 查看对正在编译的函数 模板 实例化“std::pair<int,Other>::pair<__int64,Other,0>(std::pair<__int64,Other> &&) noexcept”的引用
D:\visual studio code\Solution3-agenda\Project-agenda\task_list.cpp(53,27): message : 查看对正在编译的函数 模板 实例化“std::pair<int,Other>::pair<__int64,Other,0>(std::pair<__int64,Other> &&) noexcept”的引用
  tools.cpp
  正在生成代码
  Previous IPDB not found, fall back to full compilation.
D:\visual studio code\Solution3-agenda\Project-agenda\task_list.cpp(59): warning C4715: “TaskList::Load”: 不是所有的控件路径都返回值
  All 631 functions were compiled because no usable IPDB/IOBJ from previous compilation was found.
  已完成代码的生成
  Project-agenda.vcxproj -> D:\visual studio code\Solution3-agenda\x64\Release\Project-agenda.exe
