  account_manager.cpp
D:\visual studio code\Solution3-agenda\Project-agenda\account_manager.h(16,10): fatal  error C1083: 无法打开包括文件: “cppconn/driver.h”: No such file or directory
  bcrypt.cpp
D:\visual studio code\Solution3-agenda\Project-agenda\bcrypt.cpp(238,28): warning C4267: “参数”: 从“size_t”转换到“unsigned short”，可能丢失数据
D:\visual studio code\Solution3-agenda\Project-agenda\bcrypt.cpp(240,58): warning C4267: “参数”: 从“size_t”转换到“unsigned short”，可能丢失数据
  blowfish.cpp
  cmd_processor.cpp
D:\visual studio code\Solution3-agenda\Project-agenda\cmd_processor.cpp(39,32): warning C4267: “初始化”: 从“size_t”转换到“int”，可能丢失数据
D:\visual studio code\Solution3-agenda\Project-agenda\cmd_processor.cpp(39,32): warning C4267: “初始化”: 从“size_t”转换到“const int”，可能丢失数据
  main.cpp
D:\visual studio code\Solution3-agenda\Project-agenda\main.cpp(16,10): fatal  error C1083: 无法打开包括文件: “cppconn/driver.h”: No such file or directory
  task_list.cpp
C:\Program Files\Microsoft Visual Studio\2022\Community\VC\Tools\MSVC\14.35.32215\include\utility(200,16): warning C4244: “初始化”: 从“_Ty”转换到“_Ty1”，可能丢失数据
          with
          [
              _Ty=__int64
          ]
          and
          [
              _Ty1=int
          ]
D:\visual studio code\Solution3-agenda\Project-agenda\task_list.cpp(53,46): message : 查看对正在编译的函数 模板 实例化“std::pair<int,Other>::pair<__int64,Other,0>(std::pair<__int64,Other> &&) noexcept”的引用
D:\visual studio code\Solution3-agenda\Project-agenda\task_list.cpp(53,27): message : 查看对正在编译的函数 模板 实例化“std::pair<int,Other>::pair<__int64,Other,0>(std::pair<__int64,Other> &&) noexcept”的引用
  tools.cpp
  正在生成代码...
D:\visual studio code\Solution3-agenda\Project-agenda\task_list.cpp(59): warning C4715: “TaskList::Load”: 不是所有的控件路径都返回值
D:\visual studio code\Solution3-agenda\Project-agenda\task_list.cpp(268): warning C4715: “TaskList::get_priority_string”: 不是所有的控件路径都返回值
